<?xml version="1.0" encoding="UTF-8"?>
<testsuite xmlns:xsi="http://www.w3.org/2001/XMLSchema-instance" xsi:noNamespaceSchemaLocation="https://maven.apache.org/surefire/maven-surefire-plugin/xsd/surefire-test-report.xsd" name="service.DeliveryStatementServiceTest" time="0.041" tests="5" errors="0" skipped="0" failures="1">
  <properties>
[...]
</properties>
  <testcase name="Should_Update_ActualQuantity_From_DeliveryStatement_When_Classic_Notification_Without_Additional_Agreement_Is_Added" classname="service.DeliveryStatementServiceTest" time="0.021"/>
  <testcase name="Should_DeliveryStatement_Is_Closed_When_Classic_Notification_Is_Added_And_All_Rows_Are_Completed" classname="service.DeliveryStatementServiceTest" time="0.01">
    <failure message="expected: &lt;true&gt; but was: &lt;false&gt;" type="org.opentest4j.AssertionFailedError"><![CDATA[org.opentest4j.AssertionFailedError: expected: <true> but was: <false>
	at service.DeliveryStatementServiceTest.Should_DeliveryStatement_Is_Closed_When_Classic_Notification_Is_Added_And_All_Rows_Are_Completed(DeliveryStatementServiceTest.java:86)
]]></failure>
  </testcase>
  <testcase name="Should_DeliveryStatementNotFoundException_With_Message_When_Classic_Notification_Is_Added_On_NonExistent_Contract" classname="service.DeliveryStatementServiceTest" time="0"/>
  <testcase name="Should_Update_ActualQuantity_From_DeliveryStatement_When_Classic_Notification_Is_Added" classname="service.DeliveryStatementServiceTest" time="0"/>
  <testcase name="Should_DeliveryStatementNotFoundException_With_Message_When_Classic_Notification_Is_Added_On_NonExistent_Period" classname="service.DeliveryStatementServiceTest" time="0.01"/>
</testsuite>